{
  "RSpec": {
    "coverage": {
      "/Users/student/Documents/projects/week_4/bookmark/app/app.rb": {
        "lines": [
          null,
          null,
          1,
          1,
          null,
          1,
          1,
          null,
          1,
          1,
          null,
          null,
          1,
          null
        ]
      },
      "/Users/student/Documents/projects/week_4/bookmark/app/lib/bookmark.rb": {
        "lines": [
          1,
          1,
          1,
          2,
          null,
          null,
          2,
          null,
          0,
          null,
          null,
          2,
          null,
          8,
          null,
          null
        ]
      },
      "/Users/student/Documents/projects/week_4/bookmark/app/spec/bookmark_spec.rb": {
        "lines": [
          null,
          null,
          1,
          null,
          1,
          1,
          1,
          null,
          1,
          null,
          null,
          1,
          1,
          1,
          null,
          null,
          1,
          null,
          1,
          1,
          1,
          null,
          null,
          null
        ]
      },
      "/Users/student/Documents/projects/week_4/bookmark/app/spec/features/bookmark_display_spec.rb": {
        "lines": [
          null,
          null,
          1,
          1,
          null,
          1,
          1,
          1,
          1,
          null,
          1,
          1,
          null,
          null
        ]
      }
    },
    "timestamp": 1583848104
  }
}
